<?xml version="1.0" encoding="UTF-8"?>
<testsuite name="controllers.mainControllerTest" tests="2" skipped="0" failures="0" errors="0" timestamp="2016-09-14T20:14:41" hostname="pal-nat186-110-68.itap.purdue.edu" time="0.002">
  <properties/>
  <testcase name="TestMateFailTest" classname="controllers.mainControllerTest" time="0.001"/>
  <testcase name="TestMatePassTest" classname="controllers.mainControllerTest" time="0.0"/>
  <system-out><![CDATA[]]></system-out>
  <system-err><![CDATA[]]></system-err>
</testsuite>
